0 silly argv {
0 silly argv   _: [ 'publish' ],
0 silly argv   composed: 'publish',
0 silly argv   lernaVersion: '4.0.0',
0 silly argv   '$0': '/Users/eleme/Learn/zeref-cli-dev/node_modules/.bin/lerna'
0 silly argv }
1 notice cli v4.0.0
2 verbose rootPath /Users/eleme/Learn/zeref-cli-dev
3 verbose session b9a690966e7012da
4 verbose user-agent lerna/4.0.0/node@v16.13.0+x64 (darwin)
5 silly argv { _: [ 'publish' ], composed: 'publish', lernaVersion: '4.0.0' }
6 verbose rootPath /Users/eleme/Learn/zeref-cli-dev
7 info current version 1.0.0
8 silly isAnythingCommitted
9 verbose isAnythingCommitted 1
10 silly getCurrentBranch
11 verbose currentBranch master
12 silly remoteBranchExists
13 silly isBehindUpstream
14 silly isBehindUpstream master is behind origin/master by 0 commit(s) and ahead by 0
15 silly hasTags
16 verbose hasTags false
17 info Assuming all packages changed
18 verbose updated @zeref-cli-dev/core
19 verbose updated @zeref-cli-dev/utils
20 verbose git-describe undefined => "bb7ceae"
21 silly git-describe parsed => {"refCount":"2","sha":"bb7ceae","isDirty":false}
22 info execute Skipping releases
23 silly lifecycle No script for "preversion" in "zeref-cli-dev", continuing
24 silly lifecycle No script for "preversion" in "@zeref-cli-dev/utils", continuing
25 silly lifecycle No script for "version" in "@zeref-cli-dev/utils", continuing
26 silly lifecycle No script for "preversion" in "@zeref-cli-dev/core", continuing
27 silly lifecycle No script for "version" in "@zeref-cli-dev/core", continuing
28 silly lifecycle No script for "version" in "zeref-cli-dev", continuing
29 silly gitAdd [
29 silly gitAdd   'packages/utils/package.json',
29 silly gitAdd   'packages/utils/package-lock.json',
29 silly gitAdd   'packages/core/package.json',
29 silly gitAdd   'packages/core/package-lock.json',
29 silly gitAdd   'lerna.json'
29 silly gitAdd ]
30 silly gitCommit v1.0.1
31 verbose git [ 'commit', '-m', 'v1.0.1' ]
32 silly gitTag v1.0.1
33 verbose git [ 'tag', 'v1.0.1', '-m', 'v1.0.1' ]
34 silly lifecycle No script for "postversion" in "@zeref-cli-dev/core", continuing
35 silly lifecycle No script for "postversion" in "@zeref-cli-dev/utils", continuing
36 silly lifecycle No script for "postversion" in "zeref-cli-dev", continuing
37 info git Pushing tags...
38 silly gitPush origin master
39 info publish Publishing packages to npm...
40 info Verifying npm credentials
41 verbose Retrieving npm user profile
42 http fetch GET 200 https://registry.npmjs.org/-/npm/v1/user 1205ms
43 silly npm profile get received {"tfa":false,"name":"zerefdcc","email":"1499077951@qq.com","email_verified":true,"created":"2021-06-06T07:56:54.392Z","updated":"2021-06-06T07:56:54.387Z","cidr_whitelist":null}
44 silly get npm username received {"username":"zerefdcc","tfa":false,"name":"zerefdcc","email":"1499077951@qq.com","email_verified":true,"created":"2021-06-06T07:56:54.392Z","updated":"2021-06-06T07:56:54.387Z","cidr_whitelist":null}
45 silly verifyNpmPackageAccess
46 http fetch GET 200 https://registry.npmjs.org/-/org/zerefdcc/package?format=cli 1032ms (cache miss)
47 info Checking two-factor auth mode
48 verbose Retrieving npm user profile
49 http fetch GET 200 https://registry.npmjs.org/-/npm/v1/user 459ms
50 silly npm profile get received {"tfa":false,"name":"zerefdcc","email":"1499077951@qq.com","email_verified":true,"created":"2021-06-06T07:56:54.392Z","updated":"2021-06-06T07:56:54.387Z","cidr_whitelist":null}
51 silly 2FA false
52 warn ENOLICENSE Packages @zeref-cli-dev/core and @zeref-cli-dev/utils are missing a license.
52 warn ENOLICENSE One way to fix this is to add a LICENSE.md file to the root of this repository.
52 warn ENOLICENSE See https://choosealicense.com for additional guidance.
53 silly getCurrentSHA
54 verbose getCurrentSHA cae06ebab26b2192b08df51235d8833da7aef993
55 silly lifecycle No script for "prepublish" in "zeref-cli-dev", continuing
56 silly lifecycle No script for "prepare" in "zeref-cli-dev", continuing
57 silly lifecycle No script for "prepublishOnly" in "zeref-cli-dev", continuing
58 silly lifecycle No script for "prepack" in "zeref-cli-dev", continuing
59 verbose pack-directory packages/utils
60 silly lifecycle No script for "prepublish" in "@zeref-cli-dev/utils", continuing
61 silly lifecycle No script for "prepare" in "@zeref-cli-dev/utils", continuing
62 silly lifecycle No script for "prepublishOnly" in "@zeref-cli-dev/utils", continuing
63 silly lifecycle No script for "prepack" in "@zeref-cli-dev/utils", continuing
64 silly lifecycle No script for "postpack" in "@zeref-cli-dev/utils", continuing
65 verbose packed packages/utils
66 verbose pack-directory packages/core
67 silly lifecycle No script for "prepublish" in "@zeref-cli-dev/core", continuing
68 silly lifecycle No script for "prepare" in "@zeref-cli-dev/core", continuing
69 silly lifecycle No script for "prepublishOnly" in "@zeref-cli-dev/core", continuing
70 silly lifecycle No script for "prepack" in "@zeref-cli-dev/core", continuing
71 silly lifecycle No script for "postpack" in "@zeref-cli-dev/core", continuing
72 verbose packed packages/core
73 silly lifecycle No script for "postpack" in "zeref-cli-dev", continuing
74 verbose publish @zeref-cli-dev/utils
75 silly FetchError: request to https://registry.npm.alibaba-inc.com/@zeref-cli-dev%2futils failed, reason: getaddrinfo ENOTFOUND registry.npm.alibaba-inc.com
75 silly     at ClientRequest.<anonymous> (/Users/eleme/Learn/zeref-cli-dev/node_modules/minipass-fetch/lib/index.js:110:14)
75 silly     at ClientRequest.emit (node:events:390:28)
75 silly     at TLSSocket.socketErrorListener (node:_http_client:447:9)
75 silly     at TLSSocket.emit (node:events:402:35)
75 silly     at emitErrorNT (node:internal/streams/destroy:157:8)
75 silly     at emitErrorCloseNT (node:internal/streams/destroy:122:3)
75 silly     at processTicksAndRejections (node:internal/process/task_queues:83:21)
75 silly  FetchError: request to https://registry.npm.alibaba-inc.com/@zeref-cli-dev%2futils failed, reason: getaddrinfo ENOTFOUND registry.npm.alibaba-inc.com
75 silly     at ClientRequest.<anonymous> (/Users/eleme/Learn/zeref-cli-dev/node_modules/minipass-fetch/lib/index.js:110:14)
75 silly     at ClientRequest.emit (node:events:390:28)
75 silly     at TLSSocket.socketErrorListener (node:_http_client:447:9)
75 silly     at TLSSocket.emit (node:events:402:35)
75 silly     at emitErrorNT (node:internal/streams/destroy:157:8)
75 silly     at emitErrorCloseNT (node:internal/streams/destroy:122:3)
75 silly     at processTicksAndRejections (node:internal/process/task_queues:83:21) {
75 silly   code: 'ENOTFOUND',
75 silly   errno: 'ENOTFOUND',
75 silly   syscall: 'getaddrinfo',
75 silly   hostname: 'registry.npm.alibaba-inc.com',
75 silly   type: 'system'
75 silly }
76 error ENOTFOUND request to https://registry.npm.alibaba-inc.com/@zeref-cli-dev%2futils failed, reason: getaddrinfo ENOTFOUND registry.npm.alibaba-inc.com
77 error FetchError: request to https://registry.npm.alibaba-inc.com/@zeref-cli-dev%2futils failed, reason: getaddrinfo ENOTFOUND registry.npm.alibaba-inc.com
77 error     at ClientRequest.<anonymous> (/Users/eleme/Learn/zeref-cli-dev/node_modules/minipass-fetch/lib/index.js:110:14)
77 error     at ClientRequest.emit (node:events:390:28)
77 error     at TLSSocket.socketErrorListener (node:_http_client:447:9)
77 error     at TLSSocket.emit (node:events:402:35)
77 error     at emitErrorNT (node:internal/streams/destroy:157:8)
77 error     at emitErrorCloseNT (node:internal/streams/destroy:122:3)
